e:\github\racing game\racing game\x64\debug\vc143.pdb
e:\github\racing game\racing game\x64\debug\vc143.idb
e:\github\racing game\racing game\x64\debug\window.obj
e:\github\racing game\racing game\x64\debug\vector2.obj
e:\github\racing game\racing game\x64\debug\timer.obj
e:\github\racing game\racing game\x64\debug\texture.obj
e:\github\racing game\racing game\x64\debug\spritecomponent.obj
e:\github\racing game\racing game\x64\debug\renderer.obj
e:\github\racing game\racing game\x64\debug\rectangle.obj
e:\github\racing game\racing game\x64\debug\main.obj
e:\github\racing game\racing game\x64\debug\log.obj
e:\github\racing game\racing game\x64\debug\game.obj
e:\github\racing game\racing game\x64\debug\component.obj
e:\github\racing game\racing game\x64\debug\assets.obj
e:\github\racing game\racing game\x64\debug\actor.obj
e:\github\racing game\x64\debug\racing game.pdb
e:\github\racing game\racing game\x64\debug\racing game.tlog\cl.command.1.tlog
e:\github\racing game\racing game\x64\debug\racing game.tlog\cl.read.1.tlog
e:\github\racing game\racing game\x64\debug\racing game.tlog\cl.write.1.tlog
e:\github\racing game\racing game\x64\debug\racing game.tlog\link-cvtres.read.1.tlog
e:\github\racing game\racing game\x64\debug\racing game.tlog\link-cvtres.write.1.tlog
e:\github\racing game\racing game\x64\debug\racing game.tlog\link-rc.read.1.tlog
e:\github\racing game\racing game\x64\debug\racing game.tlog\link-rc.write.1.tlog
e:\github\racing game\racing game\x64\debug\racing game.tlog\link.command.1.tlog
e:\github\racing game\racing game\x64\debug\racing game.tlog\link.read.1.tlog
e:\github\racing game\racing game\x64\debug\racing game.tlog\link.read.2.tlog
e:\github\racing game\racing game\x64\debug\racing game.tlog\link.write.1.tlog
