  AABB.cpp
  Assets.cpp
C:\Users\loris.moreau\Documents\GitHub\Tower-Defense\Racing Game\Font.h(18,29): error C2061: syntax error: identifier 'TTF_Font'
C:\Users\loris.moreau\Documents\GitHub\Tower-Defense\Racing Game\Font.h(21,7): error C2039: 'unordered_map': is not a member of 'std'
C:\VisualStudio\VC\Tools\MSVC\14.36.32532\include\vector(26,1): message : see declaration of 'std'
C:\Users\loris.moreau\Documents\GitHub\Tower-Defense\Racing Game\Font.h(21,21): error C3646: 'fontData': unknown override specifier
C:\Users\loris.moreau\Documents\GitHub\Tower-Defense\Racing Game\Font.h(21,29): error C4430: missing type specifier - int assumed. Note: C++ does not support default-int
C:\Users\loris.moreau\Documents\GitHub\Tower-Defense\Racing Game\Assets.cpp(286,36): warning C4244: 'argument': conversion from 'double' to 'const unsigned __int64', possible loss of data
C:\Users\loris.moreau\Documents\GitHub\Tower-Defense\Racing Game\Assets.cpp(303,101): warning C4267: 'argument': conversion from 'size_t' to 'unsigned int', possible loss of data
C:\Users\loris.moreau\Documents\GitHub\Tower-Defense\Racing Game\Assets.cpp(326,9): error C2065: 'TTF_Font': undeclared identifier
C:\Users\loris.moreau\Documents\GitHub\Tower-Defense\Racing Game\Assets.cpp(326,19): error C2065: 'ttfFont': undeclared identifier
C:\Users\loris.moreau\Documents\GitHub\Tower-Defense\Racing Game\Assets.cpp(326,29): error C3861: 'TTF_OpenFont': identifier not found
C:\Users\loris.moreau\Documents\GitHub\Tower-Defense\Racing Game\Assets.cpp(327,13): error C2065: 'ttfFont': undeclared identifier
C:\Users\loris.moreau\Documents\GitHub\Tower-Defense\Racing Game\Assets.cpp(333,32): error C2065: 'ttfFont': undeclared identifier
  BackgroundSpriteComponent.cpp
  BallActor.cpp
C:\Users\loris.moreau\Documents\GitHub\Tower-Defense\Racing Game\Font.h(18,29): error C2061: syntax error: identifier 'TTF_Font'
C:\Users\loris.moreau\Documents\GitHub\Tower-Defense\Racing Game\Font.h(21,7): error C2039: 'unordered_map': is not a member of 'std'
C:\VisualStudio\VC\Tools\MSVC\14.36.32532\include\fstream(26,1): message : see declaration of 'std'
C:\Users\loris.moreau\Documents\GitHub\Tower-Defense\Racing Game\Font.h(21,21): error C3646: 'fontData': unknown override specifier
C:\Users\loris.moreau\Documents\GitHub\Tower-Defense\Racing Game\Font.h(21,29): error C4430: missing type specifier - int assumed. Note: C++ does not support default-int
  BallMoveComponent.cpp
  Cube.cpp
C:\Users\loris.moreau\Documents\GitHub\Tower-Defense\Racing Game\Font.h(18,29): error C2061: syntax error: identifier 'TTF_Font'
C:\Users\loris.moreau\Documents\GitHub\Tower-Defense\Racing Game\Font.h(21,7): error C2039: 'unordered_map': is not a member of 'std'
C:\VisualStudio\VC\Tools\MSVC\14.36.32532\include\fstream(26,1): message : see declaration of 'std'
C:\Users\loris.moreau\Documents\GitHub\Tower-Defense\Racing Game\Font.h(21,21): error C3646: 'fontData': unknown override specifier
C:\Users\loris.moreau\Documents\GitHub\Tower-Defense\Racing Game\Font.h(21,29): error C4430: missing type specifier - int assumed. Note: C++ does not support default-int
  CubeActor.cpp
C:\Users\loris.moreau\Documents\GitHub\Tower-Defense\Racing Game\Font.h(18,29): error C2061: syntax error: identifier 'TTF_Font'
C:\Users\loris.moreau\Documents\GitHub\Tower-Defense\Racing Game\Font.h(21,7): error C2039: 'unordered_map': is not a member of 'std'
C:\VisualStudio\VC\Tools\MSVC\14.36.32532\include\fstream(26,1): message : see declaration of 'std'
C:\Users\loris.moreau\Documents\GitHub\Tower-Defense\Racing Game\Font.h(21,21): error C3646: 'fontData': unknown override specifier
C:\Users\loris.moreau\Documents\GitHub\Tower-Defense\Racing Game\Font.h(21,29): error C4430: missing type specifier - int assumed. Note: C++ does not support default-int
  FollowActor.cpp
C:\Users\loris.moreau\Documents\GitHub\Tower-Defense\Racing Game\Font.h(18,29): error C2061: syntax error: identifier 'TTF_Font'
C:\Users\loris.moreau\Documents\GitHub\Tower-Defense\Racing Game\Font.h(21,7): error C2039: 'unordered_map': is not a member of 'std'
C:\VisualStudio\VC\Tools\MSVC\14.36.32532\include\fstream(26,1): message : see declaration of 'std'
C:\Users\loris.moreau\Documents\GitHub\Tower-Defense\Racing Game\Font.h(21,21): error C3646: 'fontData': unknown override specifier
C:\Users\loris.moreau\Documents\GitHub\Tower-Defense\Racing Game\Font.h(21,29): error C4430: missing type specifier - int assumed. Note: C++ does not support default-int
  FollowCameraComponent.cpp
  Font.cpp
C:\Users\loris.moreau\Documents\GitHub\Tower-Defense\Racing Game\Font.h(18,29): error C2061: syntax error: identifier 'TTF_Font'
C:\Users\loris.moreau\Documents\GitHub\Tower-Defense\Racing Game\Font.h(21,7): error C2039: 'unordered_map': is not a member of 'std'
C:\VisualStudio\VC\Tools\MSVC\14.36.32532\include\cmath(964,1): message : see declaration of 'std'
C:\Users\loris.moreau\Documents\GitHub\Tower-Defense\Racing Game\Font.h(21,21): error C3646: 'fontData': unknown override specifier
C:\Users\loris.moreau\Documents\GitHub\Tower-Defense\Racing Game\Font.h(21,29): error C4430: missing type specifier - int assumed. Note: C++ does not support default-int
C:\Users\loris.moreau\Documents\GitHub\Tower-Defense\Racing Game\Font.cpp(16,6): error C3861: 'TTF_Init': identifier not found
C:\Users\loris.moreau\Documents\GitHub\Tower-Defense\Racing Game\Font.cpp(26,2): error C3861: 'TTF_Quit': identifier not found
C:\Users\loris.moreau\Documents\GitHub\Tower-Defense\Racing Game\Font.cpp(31,20): error C2065: 'fontData': undeclared identifier
C:\Users\loris.moreau\Documents\GitHub\Tower-Defense\Racing Game\Font.cpp(31,2): error C2530: 'font': references must be initialized
C:\Users\loris.moreau\Documents\GitHub\Tower-Defense\Racing Game\Font.cpp(31,2): error C3531: 'font': a symbol whose type contains 'auto' must have an initializer
C:\Users\loris.moreau\Documents\GitHub\Tower-Defense\Racing Game\Font.cpp(31,18): error C2143: syntax error: missing ';' before ':'
C:\Users\loris.moreau\Documents\GitHub\Tower-Defense\Racing Game\Font.cpp(31,28): error C2143: syntax error: missing ';' before ')'
C:\Users\loris.moreau\Documents\GitHub\Tower-Defense\Racing Game\Font.cpp(33,3): error C3861: 'TTF_CloseFont': identifier not found
C:\Users\loris.moreau\Documents\GitHub\Tower-Defense\Racing Game\Font.cpp(42,26): error C2760: syntax error: '(' was unexpected here; expected '<'
C:\Users\loris.moreau\Documents\GitHub\Tower-Defense\Racing Game\Font.cpp(42,26): error C2059: syntax error: '('
C:\Users\loris.moreau\Documents\GitHub\Tower-Defense\Racing Game\Font.cpp(43,26): error C2760: syntax error: '(' was unexpected here; expected '<'
C:\Users\loris.moreau\Documents\GitHub\Tower-Defense\Racing Game\Font.cpp(43,26): error C2059: syntax error: '('
C:\Users\loris.moreau\Documents\GitHub\Tower-Defense\Racing Game\Font.cpp(44,26): error C2760: syntax error: '(' was unexpected here; expected '<'
C:\Users\loris.moreau\Documents\GitHub\Tower-Defense\Racing Game\Font.cpp(44,26): error C2059: syntax error: '('
C:\Users\loris.moreau\Documents\GitHub\Tower-Defense\Racing Game\Font.cpp(47,14): error C2065: 'fontData': undeclared identifier
C:\Users\loris.moreau\Documents\GitHub\Tower-Defense\Racing Game\Font.cpp(48): error C3536: 'iter': cannot be used before it is initialized
C:\Users\loris.moreau\Documents\GitHub\Tower-Defense\Racing Game\Font.cpp(48,14): error C2065: 'fontData': undeclared identifier
C:\Users\loris.moreau\Documents\GitHub\Tower-Defense\Racing Game\Font.cpp(50,3): error C2065: 'TTF_Font': undeclared identifier
C:\Users\loris.moreau\Documents\GitHub\Tower-Defense\Racing Game\Font.cpp(50,13): error C2065: 'font': undeclared identifier
C:\Users\loris.moreau\Documents\GitHub\Tower-Defense\Racing Game\Font.cpp(52,46): error C2065: 'font': undeclared identifier
C:\Users\loris.moreau\Documents\GitHub\Tower-Defense\Racing Game\Font.cpp(52,23): error C3861: 'TTF_RenderUTF8_Blended': identifier not found
C:\Users\loris.moreau\Documents\GitHub\Tower-Defense\Racing Game\Font.cpp(69,34): error C2061: syntax error: identifier 'TTF_Font'
C:\Users\loris.moreau\Documents\GitHub\Tower-Defense\Racing Game\Font.cpp(71,2): error C2065: 'fontData': undeclared identifier
C:\Users\loris.moreau\Documents\GitHub\Tower-Defense\Racing Game\Font.cpp(71,25): error C2065: 'fontSize': undeclared identifier
  FPSActor.cpp
C:\Users\loris.moreau\Documents\GitHub\Tower-Defense\Racing Game\Font.h(18,29): error C2061: syntax error: identifier 'TTF_Font'
C:\Users\loris.moreau\Documents\GitHub\Tower-Defense\Racing Game\Font.h(21,21): error C2955: 'std::unordered_map': use of class template requires template argument list
C:\VisualStudio\VC\Tools\MSVC\14.36.32532\include\unordered_map(67,1): message : see declaration of 'std::unordered_map'
  FPSCameraComponent.cpp
  Game.cpp
C:\Users\loris.moreau\Documents\GitHub\Tower-Defense\Racing Game\Font.h(18,29): error C2061: syntax error: identifier 'TTF_Font'
C:\Users\loris.moreau\Documents\GitHub\Tower-Defense\Racing Game\Font.h(21,21): error C2955: 'std::unordered_map': use of class template requires template argument list
C:\VisualStudio\VC\Tools\MSVC\14.36.32532\include\unordered_map(67,1): message : see declaration of 'std::unordered_map'
  InputComponent.cpp
  OrbitActor.cpp
C:\Users\loris.moreau\Documents\GitHub\Tower-Defense\Racing Game\Font.h(18,29): error C2061: syntax error: identifier 'TTF_Font'
C:\Users\loris.moreau\Documents\GitHub\Tower-Defense\Racing Game\Font.h(21,7): error C2039: 'unordered_map': is not a member of 'std'
C:\VisualStudio\VC\Tools\MSVC\14.36.32532\include\fstream(26,1): message : see declaration of 'std'
C:\Users\loris.moreau\Documents\GitHub\Tower-Defense\Racing Game\Font.h(21,21): error C3646: 'fontData': unknown override specifier
C:\Users\loris.moreau\Documents\GitHub\Tower-Defense\Racing Game\Font.h(21,29): error C4430: missing type specifier - int assumed. Note: C++ does not support default-int
  OrbitCameraComponent.cpp
  PlaneActor.cpp
C:\Users\loris.moreau\Documents\GitHub\Tower-Defense\Racing Game\Font.h(18,29): error C2061: syntax error: identifier 'TTF_Font'
C:\Users\loris.moreau\Documents\GitHub\Tower-Defense\Racing Game\Font.h(21,7): error C2039: 'unordered_map': is not a member of 'std'
C:\VisualStudio\VC\Tools\MSVC\14.36.32532\include\fstream(26,1): message : see declaration of 'std'
C:\Users\loris.moreau\Documents\GitHub\Tower-Defense\Racing Game\Font.h(21,21): error C3646: 'fontData': unknown override specifier
C:\Users\loris.moreau\Documents\GitHub\Tower-Defense\Racing Game\Font.h(21,29): error C4430: missing type specifier - int assumed. Note: C++ does not support default-int
  Quaternion.cpp
  RendererOGL.cpp
C:\Users\loris.moreau\Documents\GitHub\Tower-Defense\Racing Game\Font.h(18,29): error C2061: syntax error: identifier 'TTF_Font'
C:\Users\loris.moreau\Documents\GitHub\Tower-Defense\Racing Game\Font.h(21,7): error C2039: 'unordered_map': is not a member of 'std'
C:\VisualStudio\VC\Tools\MSVC\14.36.32532\include\map(25,1): message : see declaration of 'std'
C:\Users\loris.moreau\Documents\GitHub\Tower-Defense\Racing Game\Font.h(21,21): error C3646: 'fontData': unknown override specifier
C:\Users\loris.moreau\Documents\GitHub\Tower-Defense\Racing Game\Font.h(21,29): error C4430: missing type specifier - int assumed. Note: C++ does not support default-int
  SphereActor.cpp
C:\Users\loris.moreau\Documents\GitHub\Tower-Defense\Racing Game\Font.h(18,29): error C2061: syntax error: identifier 'TTF_Font'
C:\Users\loris.moreau\Documents\GitHub\Tower-Defense\Racing Game\Font.h(21,7): error C2039: 'unordered_map': is not a member of 'std'
C:\VisualStudio\VC\Tools\MSVC\14.36.32532\include\fstream(26,1): message : see declaration of 'std'
C:\Users\loris.moreau\Documents\GitHub\Tower-Defense\Racing Game\Font.h(21,21): error C3646: 'fontData': unknown override specifier
C:\Users\loris.moreau\Documents\GitHub\Tower-Defense\Racing Game\Font.h(21,29): error C4430: missing type specifier - int assumed. Note: C++ does not support default-int
  Generating Code...
  Compiling...
  TargetActor.cpp
C:\Users\loris.moreau\Documents\GitHub\Tower-Defense\Racing Game\Font.h(18,29): error C2061: syntax error: identifier 'TTF_Font'
C:\Users\loris.moreau\Documents\GitHub\Tower-Defense\Racing Game\Font.h(21,7): error C2039: 'unordered_map': is not a member of 'std'
C:\VisualStudio\VC\Tools\MSVC\14.36.32532\include\map(25,1): message : see declaration of 'std'
C:\Users\loris.moreau\Documents\GitHub\Tower-Defense\Racing Game\Font.h(21,21): error C3646: 'fontData': unknown override specifier
C:\Users\loris.moreau\Documents\GitHub\Tower-Defense\Racing Game\Font.h(21,29): error C4430: missing type specifier - int assumed. Note: C++ does not support default-int
  Texture.cpp
  Tile.cpp
C:\Users\loris.moreau\Documents\GitHub\Tower-Defense\Racing Game\Font.h(18,29): error C2061: syntax error: identifier 'TTF_Font'
C:\Users\loris.moreau\Documents\GitHub\Tower-Defense\Racing Game\Font.h(21,7): error C2039: 'unordered_map': is not a member of 'std'
C:\VisualStudio\VC\Tools\MSVC\14.36.32532\include\map(25,1): message : see declaration of 'std'
C:\Users\loris.moreau\Documents\GitHub\Tower-Defense\Racing Game\Font.h(21,21): error C3646: 'fontData': unknown override specifier
C:\Users\loris.moreau\Documents\GitHub\Tower-Defense\Racing Game\Font.h(21,29): error C4430: missing type specifier - int assumed. Note: C++ does not support default-int
  Timer.cpp
  Window.cpp
  Generating Code...
